26 Jun 2023, 10:58:03 am	GET	/auth	undefined
26 Jun 2023, 10:58:57 am	GET	/auth	undefined
26 Jun 2023, 11:02:32 am	Connected to MongoDB
26 Jun 2023, 11:02:32 am	Server running on port 3500
26 Jun 2023, 11:02:37 am	GET	/auth	undefined
26 Jun 2023, 11:02:38 am	GET	/auth	undefined
26 Jun 2023, 11:03:34 am	Connected to MongoDB
26 Jun 2023, 11:03:35 am	Server running on port 3500
26 Jun 2023, 11:03:37 am	GET	/auth	undefined
26 Jun 2023, 11:03:43 am	GET	/auth/	undefined
26 Jun 2023, 11:03:45 am	GET	/auth/	undefined
26 Jun 2023, 11:03:45 am	GET	/auth/	undefined
26 Jun 2023, 11:03:46 am	GET	/auth/	undefined
26 Jun 2023, 11:03:47 am	GET	/auth/	undefined
26 Jun 2023, 11:04:13 am	GET	/auth	undefined
26 Jun 2023, 11:04:49 am	Connected to MongoDB
26 Jun 2023, 11:04:49 am	Server running on port 3500
26 Jun 2023, 11:05:00 am	POST	/auth	undefined
26 Jun 2023, 11:11:39 am	Connected to MongoDB
26 Jun 2023, 11:11:39 am	Server running on port 3500
26 Jun 2023, 11:11:42 am	POST	/auth	undefined
26 Jun 2023, 11:12:07 am	Connected to MongoDB
26 Jun 2023, 11:12:07 am	Server running on port 3500
26 Jun 2023, 11:12:09 am	POST	/auth	undefined
26 Jun 2023, 11:12:45 am	Connected to MongoDB
26 Jun 2023, 11:12:45 am	Server running on port 3500
26 Jun 2023, 11:12:51 am	POST	/auth	undefined
26 Jun 2023, 11:13:03 am	POST	/auth	undefined
26 Jun 2023, 11:13:10 am	POST	/auth	undefined
26 Jun 2023, 11:13:18 am	POST	/auth	undefined
26 Jun 2023, 11:13:24 am	POST	/auth	undefined
26 Jun 2023, 11:13:28 am	POST	/auth	undefined
26 Jun 2023, 11:13:28 am	Too many requests: Too Many LogIn Attempts! Please try again after 60secs.	/	undefined
26 Jun 2023, 11:14:33 am	POST	/auth	undefined
26 Jun 2023, 11:38:38 am	POST	/auth	undefined
26 Jun 2023, 11:41:38 am	Connected to MongoDB
26 Jun 2023, 11:41:38 am	Server running on port 3500
26 Jun 2023, 11:44:56 am	Connected to MongoDB
26 Jun 2023, 11:44:56 am	Server running on port 3500
26 Jun 2023, 11:45:26 am	Connected to MongoDB
26 Jun 2023, 11:45:26 am	Server running on port 3500
26 Jun 2023, 11:48:09 am	Connected to MongoDB
26 Jun 2023, 11:48:09 am	Server running on port 3500
26 Jun 2023, 11:51:34 am	POST	/profile	undefined
26 Jun 2023, 11:51:35 am	User created
26 Jun 2023, 11:52:24 am	GET	/auth	undefined
26 Jun 2023, 11:52:31 am	GET	/auth	undefined
26 Jun 2023, 11:52:42 am	GET	/	undefined
26 Jun 2023, 11:52:47 am	GET	/auth	undefined
26 Jun 2023, 11:53:32 am	Connected to MongoDB
26 Jun 2023, 11:53:32 am	Server running on port 3500
26 Jun 2023, 11:53:38 am	GET	/auth	undefined
26 Jun 2023, 11:53:40 am	GET	/auth	undefined
26 Jun 2023, 11:54:01 am	GET	/auth	undefined
26 Jun 2023, 11:54:02 am	GET	/auth	undefined
26 Jun 2023, 11:54:02 am	GET	/auth	undefined
26 Jun 2023, 11:54:03 am	GET	/auth	undefined
26 Jun 2023, 11:54:08 am	GET	/auth	undefined
26 Jun 2023, 11:55:40 am	Connected to MongoDB
26 Jun 2023, 11:55:40 am	Server running on port 3500
26 Jun 2023, 11:55:41 am	GET	/auth	undefined
26 Jun 2023, 01:33:43 pm	POST	/auth	undefined
26 Jun 2023, 01:33:55 pm	POST	/auth	undefined
26 Jun 2023, 01:34:09 pm	POST	/auth	undefined
26 Jun 2023, 01:40:18 pm	Connected to MongoDB
26 Jun 2023, 01:40:18 pm	Server running on port 3500
26 Jun 2023, 01:40:34 pm	POST	/auth	undefined
26 Jun 2023, 01:41:50 pm	Connected to MongoDB
26 Jun 2023, 01:41:50 pm	Server running on port 3500
26 Jun 2023, 01:41:51 pm	POST	/auth	undefined
26 Jun 2023, 01:43:55 pm	Connected to MongoDB
26 Jun 2023, 01:43:55 pm	Server running on port 3500
26 Jun 2023, 01:44:05 pm	POST	/auth	undefined
26 Jun 2023, 01:45:34 pm	Connected to MongoDB
26 Jun 2023, 01:45:34 pm	Server running on port 3500
26 Jun 2023, 01:45:37 pm	POST	/auth	undefined
26 Jun 2023, 01:48:17 pm	Connected to MongoDB
26 Jun 2023, 01:48:17 pm	Server running on port 3500
26 Jun 2023, 01:48:20 pm	POST	/auth	undefined
26 Jun 2023, 02:14:18 pm	Connected to MongoDB
26 Jun 2023, 02:14:18 pm	Server running on port 3500
26 Jun 2023, 02:16:59 pm	POST	/auth	undefined
26 Jun 2023, 02:22:22 pm	Connected to MongoDB
26 Jun 2023, 02:22:23 pm	Server running on port 3500
26 Jun 2023, 02:22:25 pm	POST	/auth	undefined
26 Jun 2023, 02:32:57 pm	Connected to MongoDB
26 Jun 2023, 02:32:57 pm	Server running on port 3500
26 Jun 2023, 02:32:59 pm	POST	/auth	undefined
26 Jun 2023, 02:35:41 pm	Connected to MongoDB
26 Jun 2023, 02:35:41 pm	Server running on port 3500
26 Jun 2023, 02:35:43 pm	POST	/auth	undefined
26 Jun 2023, 02:36:12 pm	Connected to MongoDB
26 Jun 2023, 02:36:12 pm	Server running on port 3500
26 Jun 2023, 02:36:16 pm	POST	/auth	undefined
26 Jun 2023, 02:37:09 pm	Connected to MongoDB
26 Jun 2023, 02:37:09 pm	Server running on port 3500
26 Jun 2023, 02:37:14 pm	Connected to MongoDB
26 Jun 2023, 02:37:14 pm	Server running on port 3500
26 Jun 2023, 02:37:17 pm	POST	/auth	undefined
26 Jun 2023, 02:38:05 pm	Connected to MongoDB
26 Jun 2023, 02:38:05 pm	Server running on port 3500
26 Jun 2023, 02:38:08 pm	Connected to MongoDB
26 Jun 2023, 02:38:08 pm	Server running on port 3500
26 Jun 2023, 02:38:11 pm	Connected to MongoDB
26 Jun 2023, 02:38:11 pm	Server running on port 3500
26 Jun 2023, 02:38:15 pm	POST	/auth	undefined
26 Jun 2023, 02:45:22 pm	Connected to MongoDB
26 Jun 2023, 02:45:22 pm	Server running on port 3500
26 Jun 2023, 03:00:46 pm	GET	/refresh	undefined
26 Jun 2023, 03:01:20 pm	GET	/auth/refresh	undefined
26 Jun 2023, 03:06:05 pm	GET	/auth/refresh	undefined
26 Jun 2023, 03:08:29 pm	GET	/auth/refresh	undefined
26 Jun 2023, 03:09:28 pm	GET	/auth/refresh	undefined
26 Jun 2023, 03:10:01 pm	GET	/auth	undefined
26 Jun 2023, 03:10:12 pm	POST	/auth/	undefined
26 Jun 2023, 03:10:20 pm	GET	/auth/refresh	undefined
26 Jun 2023, 03:11:05 pm	POST	/auth/logout	undefined
27 Jun 2023, 00:24:29 am	Connected to MongoDB
27 Jun 2023, 00:24:29 am	Server running on port 3500
27 Jun 2023, 00:44:53 am	OPTIONS	/auth	http://localhost:3100
27 Jun 2023, 00:44:53 am	POST	/auth	http://localhost:3100
27 Jun 2023, 00:47:20 am	OPTIONS	/auth	http://localhost:3100
27 Jun 2023, 00:47:20 am	POST	/auth	http://localhost:3100
27 Jun 2023, 00:47:44 am	Connected to MongoDB
27 Jun 2023, 00:47:44 am	Server running on port 3500
27 Jun 2023, 00:49:20 am	POST	/auth/	undefined
27 Jun 2023, 00:51:25 am	OPTIONS	/auth	http://localhost:3100
27 Jun 2023, 00:51:25 am	POST	/auth	http://localhost:3100
27 Jun 2023, 00:51:52 am	OPTIONS	/auth	http://localhost:3100
27 Jun 2023, 00:51:52 am	POST	/auth	http://localhost:3100
27 Jun 2023, 00:52:42 am	OPTIONS	/auth	http://localhost:3100
27 Jun 2023, 00:52:42 am	POST	/auth	http://localhost:3100
27 Jun 2023, 00:52:53 am	OPTIONS	/auth	http://localhost:3100
27 Jun 2023, 00:52:53 am	POST	/auth	http://localhost:3100
27 Jun 2023, 00:53:07 am	OPTIONS	/auth	http://localhost:3100
27 Jun 2023, 00:53:07 am	POST	/auth	http://localhost:3100
27 Jun 2023, 00:55:27 am	OPTIONS	/auth	http://localhost:3100
27 Jun 2023, 00:55:27 am	POST	/auth	http://localhost:3100
27 Jun 2023, 00:55:46 am	OPTIONS	/auth	http://localhost:3100
27 Jun 2023, 00:55:46 am	POST	/auth	http://localhost:3100
27 Jun 2023, 00:55:55 am	OPTIONS	/auth	http://localhost:3100
27 Jun 2023, 00:55:55 am	POST	/auth	http://localhost:3100
27 Jun 2023, 00:57:02 am	Connected to MongoDB
27 Jun 2023, 00:57:02 am	Server running on port 3500
27 Jun 2023, 00:57:21 am	OPTIONS	/auth	http://localhost:3100
27 Jun 2023, 00:57:21 am	POST	/auth	http://localhost:3100
27 Jun 2023, 00:58:11 am	Connected to MongoDB
27 Jun 2023, 00:58:11 am	Server running on port 3500
27 Jun 2023, 00:58:24 am	OPTIONS	/auth	http://localhost:3100
27 Jun 2023, 00:58:25 am	POST	/auth	http://localhost:3100
27 Jun 2023, 00:59:14 am	Connected to MongoDB
27 Jun 2023, 00:59:14 am	Server running on port 3500
27 Jun 2023, 00:59:26 am	OPTIONS	/auth	http://localhost:3100
27 Jun 2023, 00:59:26 am	POST	/auth	http://localhost:3100
27 Jun 2023, 00:59:32 am	OPTIONS	/auth	http://localhost:3100
27 Jun 2023, 00:59:32 am	POST	/auth	http://localhost:3100
27 Jun 2023, 00:59:40 am	OPTIONS	/auth	http://localhost:3100
27 Jun 2023, 00:59:40 am	POST	/auth	http://localhost:3100
27 Jun 2023, 00:59:58 am	Connected to MongoDB
27 Jun 2023, 00:59:58 am	Server running on port 3500
27 Jun 2023, 01:12:12 am	OPTIONS	/auth	http://localhost:3100
27 Jun 2023, 01:12:12 am	POST	/auth	http://localhost:3100
